# JRE version: OpenJDK Runtime Environment (11.0.6+10) (build 11.0.6+10-post-Ubuntu-1ubuntu118.04.1)
# Java VM: OpenJDK 64-Bit Server VM (11.0.6+10-post-Ubuntu-1ubuntu118.04.1, mixed mode, sharing, tiered, compressed oops, g1 gc, linux-amd64)
Heap:
 garbage-first heap   total 126976K, used 65220K [0x00000000c4400000, 0x0000000100000000)
  region size 1024K, 46 young (47104K), 5 survivors (5120K)
 Metaspace       used 41057K, capacity 42625K, committed 42956K, reserved 1085440K
  class space    used 5500K, capacity 6118K, committed 6144K, reserved 1048576K
GC Heap History (20 events):
Event: 1,108 GC heap before
{Heap before GC invocations=3 (full 0):
 garbage-first heap   total 63488K, used 36655K [0x00000000c4400000, 0x0000000100000000)
  region size 1024K, 31 young (31744K), 3 survivors (3072K)
 Metaspace       used 13697K, capacity 14303K, committed 14592K, reserved 1062912K
  class space    used 1719K, capacity 1975K, committed 2048K, reserved 1048576K
}
Event: 1,111 GC heap after
{Heap after GC invocations=4 (full 0):
 garbage-first heap   total 63488K, used 9331K [0x00000000c4400000, 0x0000000100000000)
  region size 1024K, 2 young (2048K), 2 survivors (2048K)
 Metaspace       used 13697K, capacity 14303K, committed 14592K, reserved 1062912K
  class space    used 1719K, capacity 1975K, committed 2048K, reserved 1048576K
}
Event: 1,305 GC heap before
{Heap before GC invocations=4 (full 0):
 garbage-first heap   total 63488K, used 41075K [0x00000000c4400000, 0x0000000100000000)
  region size 1024K, 33 young (33792K), 2 survivors (2048K)
 Metaspace       used 16093K, capacity 16876K, committed 17024K, reserved 1064960K
  class space    used 2049K, capacity 2340K, committed 2432K, reserved 1048576K
}
Event: 1,309 GC heap after
{Heap after GC invocations=5 (full 0):
 garbage-first heap   total 78848K, used 9717K [0x00000000c4400000, 0x0000000100000000)
  region size 1024K, 2 young (2048K), 2 survivors (2048K)
 Metaspace       used 16093K, capacity 16876K, committed 17024K, reserved 1064960K
  class space    used 2049K, capacity 2340K, committed 2432K, reserved 1048576K
}
Event: 1,696 GC heap before
{Heap before GC invocations=5 (full 0):
 garbage-first heap   total 78848K, used 52725K [0x00000000c4400000, 0x0000000100000000)
  region size 1024K, 45 young (46080K), 2 survivors (2048K)
 Metaspace       used 17260K, capacity 18059K, committed 18176K, reserved 1064960K
  class space    used 2200K, capacity 2501K, committed 2560K, reserved 1048576K
}
Event: 1,708 GC heap after
{Heap after GC invocations=6 (full 0):
 garbage-first heap   total 78848K, used 11914K [0x00000000c4400000, 0x0000000100000000)
  region size 1024K, 4 young (4096K), 4 survivors (4096K)
 Metaspace       used 17260K, capacity 18059K, committed 18176K, reserved 1064960K
  class space    used 2200K, capacity 2501K, committed 2560K, reserved 1048576K
}
Event: 2,103 GC heap before
{Heap before GC invocations=6 (full 0):
 garbage-first heap   total 78848K, used 54922K [0x00000000c4400000, 0x0000000100000000)
  region size 1024K, 46 young (47104K), 4 survivors (4096K)
 Metaspace       used 19236K, capacity 20064K, committed 20352K, reserved 1067008K
  class space    used 2503K, capacity 2841K, committed 2944K, reserved 1048576K
}
Event: 2,114 GC heap after
{Heap after GC invocations=7 (full 0):
 garbage-first heap   total 78848K, used 12237K [0x00000000c4400000, 0x0000000100000000)
  region size 1024K, 4 young (4096K), 4 survivors (4096K)
 Metaspace       used 19236K, capacity 20064K, committed 20352K, reserved 1067008K
  class space    used 2503K, capacity 2841K, committed 2944K, reserved 1048576K
}
Event: 2,260 GC heap before
{Heap before GC invocations=7 (full 0):
 garbage-first heap   total 78848K, used 28621K [0x00000000c4400000, 0x0000000100000000)
  region size 1024K, 21 young (21504K), 4 survivors (4096K)
 Metaspace       used 20286K, capacity 21145K, committed 21248K, reserved 1067008K
  class space    used 2663K, capacity 2989K, committed 3072K, reserved 1048576K
}
Event: 2,269 GC heap after
{Heap after GC invocations=8 (full 0):
 garbage-first heap   total 78848K, used 12649K [0x00000000c4400000, 0x0000000100000000)
  region size 1024K, 3 young (3072K), 3 survivors (3072K)
 Metaspace       used 20286K, capacity 21145K, committed 21248K, reserved 1067008K
  class space    used 2663K, capacity 2989K, committed 3072K, reserved 1048576K
}
Event: 2,559 GC heap before
{Heap before GC invocations=9 (full 0):
 garbage-first heap   total 78848K, used 56681K [0x00000000c4400000, 0x0000000100000000)
  region size 1024K, 46 young (47104K), 3 survivors (3072K)
 Metaspace       used 23567K, capacity 24606K, committed 24832K, reserved 1071104K
  class space    used 3130K, capacity 3524K, committed 3584K, reserved 1048576K
}
Event: 2,569 GC heap after
{Heap after GC invocations=10 (full 0):
 garbage-first heap   total 105472K, used 14334K [0x00000000c4400000, 0x0000000100000000)
  region size 1024K, 5 young (5120K), 5 survivors (5120K)
 Metaspace       used 23567K, capacity 24606K, committed 24832K, reserved 1071104K
  class space    used 3130K, capacity 3524K, committed 3584K, reserved 1048576K
}
Event: 2,826 GC heap before
{Heap before GC invocations=10 (full 0):
 garbage-first heap   total 105472K, used 67582K [0x00000000c4400000, 0x0000000100000000)
  region size 1024K, 57 young (58368K), 5 survivors (5120K)
 Metaspace       used 26018K, capacity 27087K, committed 27392K, reserved 1073152K
  class space    used 3413K, capacity 3839K, committed 3840K, reserved 1048576K
}
Event: 2,833 GC heap after
{Heap after GC invocations=11 (full 0):
 garbage-first heap   total 105472K, used 16030K [0x00000000c4400000, 0x0000000100000000)
  region size 1024K, 6 young (6144K), 6 survivors (6144K)
 Metaspace       used 26018K, capacity 27087K, committed 27392K, reserved 1073152K
  class space    used 3413K, capacity 3839K, committed 3840K, reserved 1048576K
}
Event: 3,322 GC heap before
{Heap before GC invocations=11 (full 0):
 garbage-first heap   total 105472K, used 71326K [0x00000000c4400000, 0x0000000100000000)
  region size 1024K, 61 young (62464K), 6 survivors (6144K)
 Metaspace       used 30940K, capacity 32202K, committed 32384K, reserved 1077248K
  class space    used 4145K, capacity 4665K, committed 4736K, reserved 1048576K
}
Event: 3,329 GC heap after
{Heap after GC invocations=12 (full 0):
 garbage-first heap   total 105472K, used 19181K [0x00000000c4400000, 0x0000000100000000)
  region size 1024K, 8 young (8192K), 8 survivors (8192K)
 Metaspace       used 30940K, capacity 32202K, committed 32384K, reserved 1077248K
  class space    used 4145K, capacity 4665K, committed 4736K, reserved 1048576K
}
Event: 3,682 GC heap before
{Heap before GC invocations=12 (full 0):
 garbage-first heap   total 105472K, used 59117K [0x00000000c4400000, 0x0000000100000000)
  region size 1024K, 48 young (49152K), 8 survivors (8192K)
 Metaspace       used 34398K, capacity 35813K, committed 35840K, reserved 1079296K
  class space    used 4564K, capacity 5096K, committed 5120K, reserved 1048576K
}
Event: 3,692 GC heap after
{Heap after GC invocations=13 (full 0):
 garbage-first heap   total 105472K, used 21462K [0x00000000c4400000, 0x0000000100000000)
  region size 1024K, 6 young (6144K), 6 survivors (6144K)
 Metaspace       used 34398K, capacity 35813K, committed 35840K, reserved 1079296K
  class space    used 4564K, capacity 5096K, committed 5120K, reserved 1048576K
}
Event: 4,239 GC heap before
{Heap before GC invocations=14 (full 0):
 garbage-first heap   total 105472K, used 77782K [0x00000000c4400000, 0x0000000100000000)
  region size 1024K, 61 young (62464K), 6 survivors (6144K)
 Metaspace       used 38811K, capacity 40350K, committed 40652K, reserved 1083392K
  class space    used 5172K, capacity 5813K, committed 5888K, reserved 1048576K
}
Event: 4,254 GC heap after
{Heap after GC invocations=15 (full 0):
 garbage-first heap   total 126976K, used 24260K [0x00000000c4400000, 0x0000000100000000)
  region size 1024K, 5 young (5120K), 5 survivors (5120K)
 Metaspace       used 38811K, capacity 40350K, committed 40652K, reserved 1083392K
  class space    used 5172K, capacity 5813K, committed 5888K, reserved 1048576K
}

