# JRE version: OpenJDK Runtime Environment (11.0.6+10) (build 11.0.6+10-post-Ubuntu-1ubuntu118.04.1)
# Java VM: OpenJDK 64-Bit Server VM (11.0.6+10-post-Ubuntu-1ubuntu118.04.1, mixed mode, sharing, tiered, compressed oops, g1 gc, linux-amd64)
Heap:
 garbage-first heap   total 92160K, used 54099K [0x00000000c4400000, 0x0000000100000000)
  region size 1024K, 32 young (32768K), 4 survivors (4096K)
 Metaspace       used 45107K, capacity 46864K, committed 47180K, reserved 1089536K
  class space    used 5984K, capacity 6694K, committed 6784K, reserved 1048576K
GC Heap History (20 events):
Event: 10,883 GC heap before
{Heap before GC invocations=11 (full 0):
 garbage-first heap   total 63488K, used 37963K [0x00000000c4400000, 0x0000000100000000)
  region size 1024K, 28 young (28672K), 3 survivors (3072K)
 Metaspace       used 24035K, capacity 25060K, committed 25472K, reserved 1071104K
  class space    used 3180K, capacity 3590K, committed 3712K, reserved 1048576K
}
Event: 10,891 GC heap after
{Heap after GC invocations=12 (full 0):
 garbage-first heap   total 63488K, used 14717K [0x00000000c4400000, 0x0000000100000000)
  region size 1024K, 4 young (4096K), 4 survivors (4096K)
 Metaspace       used 24035K, capacity 25060K, committed 25472K, reserved 1071104K
  class space    used 3180K, capacity 3590K, committed 3712K, reserved 1048576K
}
Event: 11,134 GC heap before
{Heap before GC invocations=12 (full 0):
 garbage-first heap   total 63488K, used 40317K [0x00000000c4400000, 0x0000000100000000)
  region size 1024K, 29 young (29696K), 4 survivors (4096K)
 Metaspace       used 24963K, capacity 25987K, committed 26240K, reserved 1071104K
  class space    used 3263K, capacity 3665K, committed 3712K, reserved 1048576K
}
Event: 11,142 GC heap after
{Heap after GC invocations=13 (full 0):
 garbage-first heap   total 63488K, used 15846K [0x00000000c4400000, 0x0000000100000000)
  region size 1024K, 3 young (3072K), 3 survivors (3072K)
 Metaspace       used 24963K, capacity 25987K, committed 26240K, reserved 1071104K
  class space    used 3263K, capacity 3665K, committed 3712K, reserved 1048576K
}
Event: 11,727 GC heap before
{Heap before GC invocations=13 (full 0):
 garbage-first heap   total 63488K, used 41446K [0x00000000c4400000, 0x0000000100000000)
  region size 1024K, 29 young (29696K), 3 survivors (3072K)
 Metaspace       used 26675K, capacity 27809K, committed 28032K, reserved 1073152K
  class space    used 3512K, capacity 3951K, committed 3968K, reserved 1048576K
}
Event: 11,733 GC heap after
{Heap after GC invocations=14 (full 0):
 garbage-first heap   total 63488K, used 16059K [0x00000000c4400000, 0x0000000100000000)
  region size 1024K, 2 young (2048K), 2 survivors (2048K)
 Metaspace       used 26675K, capacity 27809K, committed 28032K, reserved 1073152K
  class space    used 3512K, capacity 3951K, committed 3968K, reserved 1048576K
}
Event: 12,570 GC heap before
{Heap before GC invocations=14 (full 0):
 garbage-first heap   total 63488K, used 43707K [0x00000000c4400000, 0x0000000100000000)
  region size 1024K, 29 young (29696K), 2 survivors (2048K)
 Metaspace       used 28913K, capacity 30155K, committed 30336K, reserved 1075200K
  class space    used 3893K, capacity 4413K, committed 4480K, reserved 1048576K
}
Event: 12,577 GC heap after
{Heap after GC invocations=15 (full 0):
 garbage-first heap   total 63488K, used 17448K [0x00000000c4400000, 0x0000000100000000)
  region size 1024K, 3 young (3072K), 3 survivors (3072K)
 Metaspace       used 28913K, capacity 30155K, committed 30336K, reserved 1075200K
  class space    used 3893K, capacity 4413K, committed 4480K, reserved 1048576K
}
Event: 13,054 GC heap before
{Heap before GC invocations=15 (full 0):
 garbage-first heap   total 63488K, used 45096K [0x00000000c4400000, 0x0000000100000000)
  region size 1024K, 30 young (30720K), 3 survivors (3072K)
 Metaspace       used 30826K, capacity 32142K, committed 32384K, reserved 1077248K
  class space    used 4128K, capacity 4646K, committed 4736K, reserved 1048576K
}
Event: 13,068 GC heap after
{Heap after GC invocations=16 (full 0):
 garbage-first heap   total 76800K, used 18734K [0x00000000c4400000, 0x0000000100000000)
  region size 1024K, 3 young (3072K), 3 survivors (3072K)
 Metaspace       used 30826K, capacity 32142K, committed 32384K, reserved 1077248K
  class space    used 4128K, capacity 4646K, committed 4736K, reserved 1048576K
}
Event: 13,493 GC heap before
{Heap before GC invocations=16 (full 0):
 garbage-first heap   total 76800K, used 51502K [0x00000000c4400000, 0x0000000100000000)
  region size 1024K, 35 young (35840K), 3 survivors (3072K)
 Metaspace       used 32625K, capacity 34122K, committed 34176K, reserved 1079296K
  class space    used 4363K, capacity 4957K, committed 4992K, reserved 1048576K
}
Event: 13,498 GC heap after
{Heap after GC invocations=17 (full 0):
 garbage-first heap   total 76800K, used 20412K [0x00000000c4400000, 0x0000000100000000)
  region size 1024K, 3 young (3072K), 3 survivors (3072K)
 Metaspace       used 32625K, capacity 34122K, committed 34176K, reserved 1079296K
  class space    used 4363K, capacity 4957K, committed 4992K, reserved 1048576K
}
Event: 13,942 GC heap before
{Heap before GC invocations=17 (full 0):
 garbage-first heap   total 76800K, used 48060K [0x00000000c4400000, 0x0000000100000000)
  region size 1024K, 31 young (31744K), 3 survivors (3072K)
 Metaspace       used 34282K, capacity 35727K, committed 35840K, reserved 1079296K
  class space    used 4599K, capacity 5195K, committed 5248K, reserved 1048576K
}
Event: 13,946 GC heap after
{Heap after GC invocations=18 (full 0):
 garbage-first heap   total 76800K, used 21771K [0x00000000c4400000, 0x0000000100000000)
  region size 1024K, 4 young (4096K), 4 survivors (4096K)
 Metaspace       used 34282K, capacity 35727K, committed 35840K, reserved 1079296K
  class space    used 4599K, capacity 5195K, committed 5248K, reserved 1048576K
}
Event: 14,291 GC heap before
{Heap before GC invocations=19 (full 0):
 garbage-first heap   total 76800K, used 53515K [0x00000000c4400000, 0x0000000100000000)
  region size 1024K, 35 young (35840K), 4 survivors (4096K)
 Metaspace       used 36579K, capacity 38141K, committed 38348K, reserved 1081344K
  class space    used 4937K, capacity 5573K, committed 5632K, reserved 1048576K
}
Event: 14,297 GC heap after
{Heap after GC invocations=20 (full 0):
 garbage-first heap   total 76800K, used 23274K [0x00000000c4400000, 0x0000000100000000)
  region size 1024K, 3 young (3072K), 3 survivors (3072K)
 Metaspace       used 36579K, capacity 38141K, committed 38348K, reserved 1081344K
  class space    used 4937K, capacity 5573K, committed 5632K, reserved 1048576K
}
Event: 15,258 GC heap before
{Heap before GC invocations=20 (full 0):
 garbage-first heap   total 76800K, used 55018K [0x00000000c4400000, 0x0000000100000000)
  region size 1024K, 34 young (34816K), 3 survivors (3072K)
 Metaspace       used 39535K, capacity 41101K, committed 41292K, reserved 1085440K
  class space    used 5330K, capacity 5953K, committed 6016K, reserved 1048576K
}
Event: 15,270 GC heap after
{Heap after GC invocations=21 (full 0):
 garbage-first heap   total 76800K, used 25475K [0x00000000c4400000, 0x0000000100000000)
  region size 1024K, 4 young (4096K), 4 survivors (4096K)
 Metaspace       used 39535K, capacity 41101K, committed 41292K, reserved 1085440K
  class space    used 5330K, capacity 5953K, committed 6016K, reserved 1048576K
}
Event: 21,399 GC heap before
{Heap before GC invocations=21 (full 0):
 garbage-first heap   total 76800K, used 56195K [0x00000000c4400000, 0x0000000100000000)
  region size 1024K, 35 young (35840K), 4 survivors (4096K)
 Metaspace       used 43123K, capacity 44737K, committed 45004K, reserved 1087488K
  class space    used 5736K, capacity 6371K, committed 6400K, reserved 1048576K
}
Event: 21,408 GC heap after
{Heap after GC invocations=22 (full 0):
 garbage-first heap   total 92160K, used 26451K [0x00000000c4400000, 0x0000000100000000)
  region size 1024K, 4 young (4096K), 4 survivors (4096K)
 Metaspace       used 43123K, capacity 44737K, committed 45004K, reserved 1087488K
  class space    used 5736K, capacity 6371K, committed 6400K, reserved 1048576K
}

